[2019-02-18 16:45:11] local.INFO: Broadcasting [Illuminate\Notifications\Events\BroadcastNotificationCreated] on channels [private-App.User.8] with payload:
{
    "id": "7545b294-f613-45ab-a372-1bb4a0e8ebd9",
    "read_at": null,
    "data": {
        "follower_id": 2,
        "follower_name": "AYTXOB"
    },
    "type": "App\\Notifications\\UserFollowed",
    "socket": null
}  
[2019-02-18 16:50:24] local.INFO: Broadcasting [Illuminate\Notifications\Events\BroadcastNotificationCreated] on channels [private-App.User.8] with payload:
{
    "id": "14065de3-a5b3-4e8c-a3f0-19a0cef71cc4",
    "read_at": null,
    "data": {
        "follower_id": 2,
        "follower_name": "AYTXOB"
    },
    "type": "App\\Notifications\\UserFollowed",
    "socket": null
}  
